Build started 2014/8/6 14:53:23.
     1>Project "C:\Users\xiaochenfan\Desktop\TTReg\capture\build\EvoGeoCapture.vcxproj" on node 3 (build target(s)).
     1>InitializeBuildStatus:
         Creating "EvoGeoCapture.dir\Debug\EvoGeoCapture.unsuccessfulbuild" because "AlwaysCreate" was specified.
       CustomBuild:
         All outputs are up-to-date.
       ClCompile:
         c:\Program Files (x86)\Microsoft Visual Studio 10.0\VC\bin\x86_amd64\CL.exe /c /I"C:\Users\xiaochenfan\Desktop\KingFisher\capture\3rd-party\qextserialport-1.2beta2\src" /IC:\Libraries\FlyCapture\include /IC:\Users\xiaochenfan\Desktop\TTReg\capture\build /IC:\Users\xiaochenfan\Desktop\KingFisher\capture\include /IC:\Libraries\Boost\include /IC:\Qt\4.8.0\include /IC:\Qt\4.8.0\include\QtOpenGL /IC:\Qt\4.8.0\include\QtGui /IC:\Qt\4.8.0\include\QtXml /IC:\Qt\4.8.0\include\QtCore /Zi /nologo /W3 /WX- /Od /Ob0 /D WIN32 /D _WINDOWS /D _DEBUG /D BOOST_ALL_NO_LIB /D _SCL_SECURE_NO_WARNINGS /D _CRT_SECURE_NO_WARNINGS /D NOMINMAX /D QT_DLL /D QT_OPENGL_LIB /D QT_GUI_LIB /D QT_XML_LIB /D QT_CORE_LIB /D "CMAKE_INTDIR=\"Debug\"" /D _MBCS /Gm- /EHsc /RTC1 /MDd /GS /fp:fast /Zc:wchar_t /Zc:forScope /GR /Fo"EvoGeoCapture.dir\Debug\\" /Fd"EvoGeoCapture.dir\Debug\vc100.pdb" /Gd /TP /wd4800 /wd4521 /wd4251 /wd4275 /wd4305 /wd4355 /wd4819 /errorReport:prompt ..\..\..\KingFisher\capture\src\image_grabber.cpp ..\..\..\KingFisher\capture\src\main_window.cpp include\moc_image_grabber.cxx  /bigobj 
         image_grabber.cpp
     1>..\..\..\KingFisher\capture\src\image_grabber.cpp(230): warning C4267: 'argument' : conversion from 'size_t' to 'int', possible loss of data
     1>..\..\..\KingFisher\capture\src\image_grabber.cpp(230): warning C4267: 'argument' : conversion from 'size_t' to 'int', possible loss of data
         main_window.cpp
     1>..\..\..\KingFisher\capture\src\main_window.cpp(310): warning C4267: 'argument' : conversion from 'size_t' to 'int', possible loss of data
     1>..\..\..\KingFisher\capture\src\main_window.cpp(310): warning C4267: 'argument' : conversion from 'size_t' to 'int', possible loss of data
     1>..\..\..\KingFisher\capture\src\main_window.cpp(310): warning C4267: 'argument' : conversion from 'size_t' to 'int', possible loss of data
     1>..\..\..\KingFisher\capture\src\main_window.cpp(320): warning C4267: 'argument' : conversion from 'size_t' to 'unsigned int', possible loss of data
     1>..\..\..\KingFisher\capture\src\main_window.cpp(320): warning C4267: 'argument' : conversion from 'size_t' to 'unsigned int', possible loss of data
     1>..\..\..\KingFisher\capture\src\main_window.cpp(321): warning C4267: 'argument' : conversion from 'size_t' to 'int', possible loss of data
     1>..\..\..\KingFisher\capture\src\main_window.cpp(321): warning C4267: 'argument' : conversion from 'size_t' to 'int', possible loss of data
     1>..\..\..\KingFisher\capture\src\main_window.cpp(325): warning C4267: 'argument' : conversion from 'size_t' to 'unsigned int', possible loss of data
     1>..\..\..\KingFisher\capture\src\main_window.cpp(325): warning C4267: 'argument' : conversion from 'size_t' to 'unsigned int', possible loss of data
     1>..\..\..\KingFisher\capture\src\main_window.cpp(326): warning C4267: 'argument' : conversion from 'size_t' to 'unsigned int', possible loss of data
     1>..\..\..\KingFisher\capture\src\main_window.cpp(326): warning C4267: 'argument' : conversion from 'size_t' to 'unsigned int', possible loss of data
     1>..\..\..\KingFisher\capture\src\main_window.cpp(327): warning C4267: 'argument' : conversion from 'size_t' to 'unsigned int', possible loss of data
     1>..\..\..\KingFisher\capture\src\main_window.cpp(327): warning C4267: 'argument' : conversion from 'size_t' to 'unsigned int', possible loss of data
     1>..\..\..\KingFisher\capture\src\main_window.cpp(328): warning C4267: 'argument' : conversion from 'size_t' to 'int', possible loss of data
     1>..\..\..\KingFisher\capture\src\main_window.cpp(328): warning C4267: 'argument' : conversion from 'size_t' to 'int', possible loss of data
         moc_image_grabber.cxx
         Generating Code...
       ManifestResourceCompile:
         All outputs are up-to-date.
       Link:
         c:\Program Files (x86)\Microsoft Visual Studio 10.0\VC\bin\x86_amd64\link.exe /ERRORREPORT:PROMPT /OUT:"C:\Users\xiaochenfan\Desktop\TTReg\capture\build\Debug\EvoGeoCapture.exe" /INCREMENTAL /NOLOGO /LIBPATH:"C:/Users/xiaochenfan/Desktop/KingFisher/capture/3rd-party/qextserialport-1.2beta2/lib" /LIBPATH:"C:/Users/xiaochenfan/Desktop/KingFisher/capture/3rd-party/qextserialport-1.2beta2/lib/Debug" /LIBPATH:C:/Libraries/FlyCapture/lib64 /LIBPATH:C:/Libraries/FlyCapture/lib64/Debug kernel32.lib user32.lib gdi32.lib winspool.lib shell32.lib ole32.lib oleaut32.lib uuid.lib comdlg32.lib advapi32.lib "qextserialport-1.2d.lib" FlyCapture2d_v100.lib glu32.lib opengl32.lib C:\Qt\4.8.0\lib\QtOpenGLd4.lib C:\Qt\4.8.0\lib\QtGuid4.lib C:\Qt\4.8.0\lib\QtXmld4.lib C:\Qt\4.8.0\lib\QtCored4.lib "C:\Libraries\Boost\lib\libboost_thread-vc100-mt-gd-1_50.lib" "C:\Libraries\Boost\lib\libboost_date_time-vc100-mt-gd-1_50.lib" "C:\Libraries\Boost\lib\libboost_system-vc100-mt-gd-1_50.lib" "C:\Libraries\Boost\lib\libboost_chrono-vc100-mt-gd-1_50.lib" /MANIFEST /ManifestFile:"EvoGeoCapture.dir\Debug\EvoGeoCapture.exe.intermediate.manifest" /MANIFESTUAC:"level='asInvoker' uiAccess='false'" /DEBUG /PDB:"C:/Users/xiaochenfan/Desktop/TTReg/capture/build/Debug/EvoGeoCapture.pdb" /SUBSYSTEM:CONSOLE /TLBID:1 /DYNAMICBASE /NXCOMPAT /IMPLIB:"C:/Users/xiaochenfan/Desktop/TTReg/capture/build/Debug/EvoGeoCapture.lib" /MACHINE:X64 EvoGeoCapture.dir\Debug\EvoGeoCapture.exe.embed.manifest.res
         EvoGeoCapture.dir\Debug\main.obj
         EvoGeoCapture.dir\Debug\main_window.obj
         EvoGeoCapture.dir\Debug\parameter.obj
         EvoGeoCapture.dir\Debug\parameter_dialog.obj
         EvoGeoCapture.dir\Debug\turn_table.obj
         EvoGeoCapture.dir\Debug\pattern_projector.obj
         EvoGeoCapture.dir\Debug\image_grabber.obj
         EvoGeoCapture.dir\Debug\image_viewer.obj
         EvoGeoCapture.dir\Debug\plain_text_viewer.obj
         EvoGeoCapture.dir\Debug\moc_main_window.obj
         EvoGeoCapture.dir\Debug\moc_parameter_dialog.obj
         EvoGeoCapture.dir\Debug\moc_pattern_projector.obj
         EvoGeoCapture.dir\Debug\moc_plain_text_viewer.obj
         EvoGeoCapture.dir\Debug\moc_image_grabber.obj
         EvoGeoCapture.dir\Debug\moc_turn_table.obj
         EvoGeoCapture.dir\Debug\qrc_main_window.obj  /machine:x64 /debug 
         EvoGeoCapture.vcxproj -> C:\Users\xiaochenfan\Desktop\TTReg\capture\build\Debug\EvoGeoCapture.exe
       Manifest:
         c:\Program Files (x86)\Microsoft SDKs\Windows\v7.0A\bin\mt.exe /nologo /verbose /out:"EvoGeoCapture.dir\Debug\EvoGeoCapture.exe.embed.manifest" /manifest EvoGeoCapture.dir\Debug\EvoGeoCapture.exe.intermediate.manifest
         All outputs are up-to-date.
       LinkEmbedManifest:
         All outputs are up-to-date.
         EvoGeoCapture.vcxproj -> C:\Users\xiaochenfan\Desktop\TTReg\capture\build\Debug\EvoGeoCapture.exe
       FinalizeBuildStatus:
         Deleting file "EvoGeoCapture.dir\Debug\EvoGeoCapture.unsuccessfulbuild".
         Touching "EvoGeoCapture.dir\Debug\EvoGeoCapture.lastbuildstate".
     1>Done Building Project "C:\Users\xiaochenfan\Desktop\TTReg\capture\build\EvoGeoCapture.vcxproj" (build target(s)).

Build succeeded.

Time Elapsed 00:00:07.45
